  [1m[36m (7.5ms)[0m  [1mCREATE TABLE "schema_migrations" ("version" character varying NOT NULL) [0m
  [1m[35m (1.5ms)[0m  CREATE UNIQUE INDEX  "unique_schema_migrations" ON "schema_migrations"  ("version")
  [1m[36mActiveRecord::SchemaMigration Load (0.4ms)[0m  [1mSELECT "schema_migrations".* FROM "schema_migrations"[0m
Migrating to CreateUsers (20151106152515)
  [1m[35m (0.2ms)[0m  BEGIN
  [1m[36m (0.2ms)[0m  [1mROLLBACK[0m
  [1m[36mActiveRecord::SchemaMigration Load (0.4ms)[0m  [1mSELECT "schema_migrations".* FROM "schema_migrations"[0m
Migrating to CreateUsers (20151106152515)
  [1m[35m (0.2ms)[0m  BEGIN
  [1m[36m (16.3ms)[0m  [1mCREATE TABLE "users" ("id" serial primary key, "email" character varying, "name" character varying, "password_digest" character varying, "type" character varying, "address" character varying, "age" integer, "created_at" timestamp NOT NULL, "updated_at" timestamp NOT NULL) [0m
  [1m[35mSQL (0.4ms)[0m  INSERT INTO "schema_migrations" ("version") VALUES ($1)  [["version", "20151106152515"]]
  [1m[36m (0.6ms)[0m  [1mCOMMIT[0m
Migrating to CreateToys (20151106152538)
  [1m[35m (0.3ms)[0m  BEGIN
  [1m[36m (5.5ms)[0m  [1mCREATE TABLE "toys" ("id" serial primary key, "name" character varying, "value" integer, "description" character varying, "created_at" timestamp NOT NULL, "updated_at" timestamp NOT NULL) [0m
  [1m[35mSQL (0.2ms)[0m  INSERT INTO "schema_migrations" ("version") VALUES ($1)  [["version", "20151106152538"]]
  [1m[36m (0.4ms)[0m  [1mCOMMIT[0m
Migrating to CreatePresents (20151106152540)
  [1m[35m (0.2ms)[0m  BEGIN
  [1m[36m (3.4ms)[0m  [1mCREATE TABLE "presents" ("id" serial primary key, "child_id" integer, "elf_id" integer, "toy_id" integer, "created_at" timestamp NOT NULL, "updated_at" timestamp NOT NULL) [0m
  [1m[35m (0.8ms)[0m  CREATE  INDEX  "index_presents_on_child_id" ON "presents"  ("child_id")
  [1m[36m (0.8ms)[0m  [1mCREATE  INDEX  "index_presents_on_elf_id" ON "presents"  ("elf_id")[0m
  [1m[35m (0.9ms)[0m  CREATE  INDEX  "index_presents_on_toy_id" ON "presents"  ("toy_id")
  [1m[36m (4.7ms)[0m  [1mALTER TABLE "presents" ADD CONSTRAINT "fk_rails_5b369d5ad3"
FOREIGN KEY ("child_id")
  REFERENCES "children" ("id")
[0m
PG::UndefinedTable: ERROR:  relation "children" does not exist
: ALTER TABLE "presents" ADD CONSTRAINT "fk_rails_5b369d5ad3"
FOREIGN KEY ("child_id")
  REFERENCES "children" ("id")

  [1m[35m (0.1ms)[0m  ROLLBACK
  [1m[36mActiveRecord::SchemaMigration Load (0.5ms)[0m  [1mSELECT "schema_migrations".* FROM "schema_migrations"[0m
Migrating to CreatePresents (20151106152540)
  [1m[35m (0.2ms)[0m  BEGIN
  [1m[36m (4.5ms)[0m  [1mCREATE TABLE "presents" ("id" serial primary key, "child_id" integer, "elf_id" integer, "toy_id" integer, "created_at" timestamp NOT NULL, "updated_at" timestamp NOT NULL) [0m
  [1m[35m (1.0ms)[0m  CREATE  INDEX  "index_presents_on_child_id" ON "presents"  ("child_id")
  [1m[36m (1.1ms)[0m  [1mCREATE  INDEX  "index_presents_on_elf_id" ON "presents"  ("elf_id")[0m
  [1m[35m (1.0ms)[0m  CREATE  INDEX  "index_presents_on_toy_id" ON "presents"  ("toy_id")
  [1m[36m (2.1ms)[0m  [1mALTER TABLE "presents" ADD CONSTRAINT "fk_rails_5b369d5ad3"
FOREIGN KEY ("child_id")
  REFERENCES "children" ("id")
[0m
PG::UndefinedTable: ERROR:  relation "children" does not exist
: ALTER TABLE "presents" ADD CONSTRAINT "fk_rails_5b369d5ad3"
FOREIGN KEY ("child_id")
  REFERENCES "children" ("id")

  [1m[35m (0.1ms)[0m  ROLLBACK
  [1m[36mActiveRecord::SchemaMigration Load (0.4ms)[0m  [1mSELECT "schema_migrations".* FROM "schema_migrations"[0m
Migrating to CreatePresents (20151106152540)
  [1m[35m (0.2ms)[0m  BEGIN
  [1m[36m (10.8ms)[0m  [1mCREATE TABLE "presents" ("id" serial primary key, "child_id" integer, "elf_id" integer, "toy_id" integer, "created_at" timestamp NOT NULL, "updated_at" timestamp NOT NULL) [0m
  [1m[35m (1.3ms)[0m  CREATE  INDEX  "index_presents_on_toy_id" ON "presents"  ("toy_id")
  [1m[36m (3.9ms)[0m  [1mALTER TABLE "presents" ADD CONSTRAINT "fk_rails_bd01a6833a"
FOREIGN KEY ("toy_id")
  REFERENCES "toys" ("id")
[0m
  [1m[35mSQL (0.3ms)[0m  INSERT INTO "schema_migrations" ("version") VALUES ($1)  [["version", "20151106152540"]]
  [1m[36m (1.3ms)[0m  [1mCOMMIT[0m
Migrating to CreateJudgments (20151106152543)
  [1m[35m (0.3ms)[0m  BEGIN
  [1m[36m (5.1ms)[0m  [1mCREATE TABLE "judgments" ("id" serial primary key, "child_id" integer, "elf_id" integer, "created_at" timestamp NOT NULL, "updated_at" timestamp NOT NULL) [0m
  [1m[35mSQL (0.2ms)[0m  INSERT INTO "schema_migrations" ("version") VALUES ($1)  [["version", "20151106152543"]]
  [1m[36m (0.3ms)[0m  [1mCOMMIT[0m
  [1m[35mActiveRecord::SchemaMigration Load (0.2ms)[0m  SELECT "schema_migrations".* FROM "schema_migrations"
  [1m[36m (6.6ms)[0m  [1mSELECT t2.oid::regclass::text AS to_table, a1.attname AS column, a2.attname AS primary_key, c.conname AS name, c.confupdtype AS on_update, c.confdeltype AS on_delete
FROM pg_constraint c
JOIN pg_class t1 ON c.conrelid = t1.oid
JOIN pg_class t2 ON c.confrelid = t2.oid
JOIN pg_attribute a1 ON a1.attnum = c.conkey[1] AND a1.attrelid = t1.oid
JOIN pg_attribute a2 ON a2.attnum = c.confkey[1] AND a2.attrelid = t2.oid
JOIN pg_namespace t3 ON c.connamespace = t3.oid
WHERE c.contype = 'f'
  AND t1.relname = 'judgments'
  AND t3.nspname = ANY (current_schemas(false))
ORDER BY c.conname
[0m
  [1m[35m (6.0ms)[0m  SELECT t2.oid::regclass::text AS to_table, a1.attname AS column, a2.attname AS primary_key, c.conname AS name, c.confupdtype AS on_update, c.confdeltype AS on_delete
FROM pg_constraint c
JOIN pg_class t1 ON c.conrelid = t1.oid
JOIN pg_class t2 ON c.confrelid = t2.oid
JOIN pg_attribute a1 ON a1.attnum = c.conkey[1] AND a1.attrelid = t1.oid
JOIN pg_attribute a2 ON a2.attnum = c.confkey[1] AND a2.attrelid = t2.oid
JOIN pg_namespace t3 ON c.connamespace = t3.oid
WHERE c.contype = 'f'
  AND t1.relname = 'presents'
  AND t3.nspname = ANY (current_schemas(false))
ORDER BY c.conname

  [1m[36m (4.3ms)[0m  [1mSELECT t2.oid::regclass::text AS to_table, a1.attname AS column, a2.attname AS primary_key, c.conname AS name, c.confupdtype AS on_update, c.confdeltype AS on_delete
FROM pg_constraint c
JOIN pg_class t1 ON c.conrelid = t1.oid
JOIN pg_class t2 ON c.confrelid = t2.oid
JOIN pg_attribute a1 ON a1.attnum = c.conkey[1] AND a1.attrelid = t1.oid
JOIN pg_attribute a2 ON a2.attnum = c.confkey[1] AND a2.attrelid = t2.oid
JOIN pg_namespace t3 ON c.connamespace = t3.oid
WHERE c.contype = 'f'
  AND t1.relname = 'toys'
  AND t3.nspname = ANY (current_schemas(false))
ORDER BY c.conname
[0m
  [1m[35m (4.1ms)[0m  SELECT t2.oid::regclass::text AS to_table, a1.attname AS column, a2.attname AS primary_key, c.conname AS name, c.confupdtype AS on_update, c.confdeltype AS on_delete
FROM pg_constraint c
JOIN pg_class t1 ON c.conrelid = t1.oid
JOIN pg_class t2 ON c.confrelid = t2.oid
JOIN pg_attribute a1 ON a1.attnum = c.conkey[1] AND a1.attrelid = t1.oid
JOIN pg_attribute a2 ON a2.attnum = c.confkey[1] AND a2.attrelid = t2.oid
JOIN pg_namespace t3 ON c.connamespace = t3.oid
WHERE c.contype = 'f'
  AND t1.relname = 'users'
  AND t3.nspname = ANY (current_schemas(false))
ORDER BY c.conname

